<?xml version="1.0" encoding="UTF-8"?>
<testsuite name="service.MultiplicationTest" tests="1" skipped="0" failures="0" errors="0" timestamp="2022-09-21T17:55:21" hostname="Pulkits-MacBook-Pro.local" time="0.019">
  <properties/>
  <testcase name="ShouldMultiply2Fractions()" classname="service.MultiplicationTest" time="0.019"/>
  <system-out><![CDATA[]]></system-out>
  <system-err><![CDATA[]]></system-err>
</testsuite>
